<?xml version="1.0" encoding="UTF-8"?>
<testsuite name="com.restapiexample.dummy.dummyrestapiInfo.DummyRestAPICURDTest" time="15.887" tests="12" errors="6" skipped="0" failures="3">
  <properties>
[...]
</properties>
  <testcase name="test001" classname="com.restapiexample.dummy.dummyrestapiInfo.DummyRestAPICURDTest" time="5.445">
    <failure message="1 expectation failed.&#10;Expected status code &lt;200&gt; but was &lt;429&gt;.&#10;" type="java.lang.AssertionError"><![CDATA[java.lang.AssertionError: 1 expectation failed.
Expected status code <200> but was <429>.

	at sun.reflect.NativeConstructorAccessorImpl.newInstance0(Native Method)
	at sun.reflect.NativeConstructorAccessorImpl.newInstance(NativeConstructorAccessorImpl.java:62)
	at sun.reflect.DelegatingConstructorAccessorImpl.newInstance(DelegatingConstructorAccessorImpl.java:45)
	at java.lang.reflect.Constructor.newInstance(Constructor.java:423)
	at org.codehaus.groovy.reflection.CachedConstructor.invoke(CachedConstructor.java:83)
	at org.codehaus.groovy.reflection.CachedConstructor.doConstructorInvoke(CachedConstructor.java:77)
	at org.codehaus.groovy.runtime.callsite.ConstructorSite$ConstructorSiteNoUnwrap.callConstructor(ConstructorSite.java:84)
	at org.codehaus.groovy.runtime.callsite.CallSiteArray.defaultCallConstructor(CallSiteArray.java:60)
	at org.codehaus.groovy.runtime.callsite.AbstractCallSite.callConstructor(AbstractCallSite.java:235)
	at org.codehaus.groovy.runtime.callsite.AbstractCallSite.callConstructor(AbstractCallSite.java:247)
	at io.restassured.internal.ResponseSpecificationImpl$HamcrestAssertionClosure.validate(ResponseSpecificationImpl.groovy:471)
	at io.restassured.internal.ResponseSpecificationImpl$HamcrestAssertionClosure$validate$1.call(Unknown Source)
	at org.codehaus.groovy.runtime.callsite.CallSiteArray.defaultCall(CallSiteArray.java:48)
	at org.codehaus.groovy.runtime.callsite.AbstractCallSite.call(AbstractCallSite.java:113)
	at org.codehaus.groovy.runtime.callsite.AbstractCallSite.call(AbstractCallSite.java:125)
	at io.restassured.internal.ResponseSpecificationImpl.validateResponseIfRequired(ResponseSpecificationImpl.groovy:636)
	at sun.reflect.NativeMethodAccessorImpl.invoke0(Native Method)
	at sun.reflect.NativeMethodAccessorImpl.invoke(NativeMethodAccessorImpl.java:62)
	at sun.reflect.DelegatingMethodAccessorImpl.invoke(DelegatingMethodAccessorImpl.java:43)
	at java.lang.reflect.Method.invoke(Method.java:498)
	at org.codehaus.groovy.runtime.callsite.PogoMetaMethodSite$PogoCachedMethodSiteNoUnwrapNoCoerce.invoke(PogoMetaMethodSite.java:210)
	at org.codehaus.groovy.runtime.callsite.PogoMetaMethodSite.callCurrent(PogoMetaMethodSite.java:59)
	at org.codehaus.groovy.runtime.callsite.CallSiteArray.defaultCallCurrent(CallSiteArray.java:52)
	at org.codehaus.groovy.runtime.callsite.AbstractCallSite.callCurrent(AbstractCallSite.java:154)
	at org.codehaus.groovy.runtime.callsite.AbstractCallSite.callCurrent(AbstractCallSite.java:166)
	at io.restassured.internal.ResponseSpecificationImpl.statusCode(ResponseSpecificationImpl.groovy:122)
	at io.restassured.specification.ResponseSpecification$statusCode$0.callCurrent(Unknown Source)
	at org.codehaus.groovy.runtime.callsite.CallSiteArray.defaultCallCurrent(CallSiteArray.java:52)
	at org.codehaus.groovy.runtime.callsite.AbstractCallSite.callCurrent(AbstractCallSite.java:154)
	at org.codehaus.groovy.runtime.callsite.AbstractCallSite.callCurrent(AbstractCallSite.java:166)
	at io.restassured.internal.ResponseSpecificationImpl.statusCode(ResponseSpecificationImpl.groovy:130)
	at io.restassured.internal.ValidatableResponseOptionsImpl.statusCode(ValidatableResponseOptionsImpl.java:117)
	at com.restapiexample.dummy.dummyrestapiInfo.DummyRestAPICURDTest.test001(DummyRestAPICURDTest.java:38)
]]></failure>
    <system-out><![CDATA[Request method:	POST
Request URI:	https://dummy.restapiexample.com/api/v1/create
Proxy:			<none>
Request params:	<none>
Query params:	<none>
Form params:	<none>
Path params:	<none>
Multiparts:		<none>
Headers:		Accept=*/*
				Content-Type=application/json; charset=UTF-8
Cookies:		<none>
Body:
{
    "status": "success",
    "data": {
        "name": "Kimi",
        "id": 34,
        "salary": "50000",
        "age": "30"
    }
}
HTTP/1.1 429 Too Many Requests
Content-Encoding: gzip
Content-Type: text/html; charset=UTF-8
Date: Tue, 21 Jun 2022 21:12:26 GMT
Display: staticcontent_sol
Expires: Mon, 20 Jun 2022 21:12:26 GMT
Host-Header: c2hhcmVkLmJsdWVob3N0LmNvbQ==
Pagespeed: off
Response: 429
Retry-After: 3
Server: nginx
Vary: Accept-Encoding
Vary: Accept-Encoding,Origin
X-Endurance-Cache-Level: 2
X-Ezoic-Cdn: Miss
X-Middleton-Display: staticcontent_sol
X-Middleton-Response: 429
X-Nginx-Cache: WordPress
X-Origin-Cache-Control: no-cache, private
X-Ratelimit-Limit: 60
X-Ratelimit-Remaining: 57
X-Ratelimit-Reset: 1655845948
X-Sol: pub_site
Content-Length: 588

<html lang="en">
  <head>
    <meta charset="utf-8"/>
    <meta name="viewport" content="width=device-width, initial-scale=1"/>
    <title>Too Many Requests</title>
    <link rel="dns-prefetch" href="//fonts.gstatic.com"/>
    <link href="https://fonts.googleapis.com/css?family=Nunito" rel="stylesheet"/>
    <style>
            html, body {
                background-color: #fff;
                color: #636b6f;
                font-family: 'Nunito', sans-serif;
                font-weight: 100;
                height: 100vh;
                margin: 0;
            }

            .full-height {
                height: 100vh;
            }

            .flex-center {
                align-items: center;
                display: flex;
                justify-content: center;
            }

            .position-ref {
                position: relative;
            }

            .code {
                border-right: 2px solid;
                font-size: 26px;
                padding: 0 15px 0 15px;
                text-align: center;
            }

            .message {
                font-size: 18px;
                text-align: center;
            }
        </style>
  </head>
  <body>
    <div class="flex-center position-ref full-height">
      <div class="code">
                429            </div>
      <div class="message" style="padding: 10px;">
                Too Many Requests            </div>
    </div>
  </body>
</html>
]]></system-out>
    <system-err><![CDATA[191 [main] INFO net.serenitybdd.core.Serenity - 

-------------------------------------------------------------------------------------
     _______. _______ .______       _______ .__   __.  __  .___________.____    ____ 
    /       ||   ____||   _  \     |   ____||  \ |  | |  | |           |\   \  /   / 
   |   (----`|  |__   |  |_)  |    |  |__   |   \|  | |  | `---|  |----` \   \/   /  
    \   \    |   __|  |      /     |   __|  |  . `  | |  |     |  |       \_    _/   
.----)   |   |  |____ |  |\  \----.|  |____ |  |\   | |  |     |  |         |  |     
|_______/    |_______|| _| `._____||_______||__| \__| |__|     |__|         |__|    
-------------------------------------------------------------------------------------

548 [main] INFO net.serenitybdd.core.Serenity - Test Suite Started: Dummy rest APICURD test
618 [main] INFO net.serenitybdd.core.Serenity - 
 _____ _____ ____ _____   ____ _____  _    ____ _____ _____ ____  
|_   _| ____/ ___|_   _| / ___|_   _|/ \  |  _ \_   _| ____|  _ \ 
  | | |  _| \___ \ | |   \___ \ | | / _ \ | |_) || | |  _| | | | |
  | | | |___ ___) || |    ___) || |/ ___ \|  _ < | | | |___| |_| |
  |_| |_____|____/ |_|   |____/ |_/_/   \_\_| \_\|_| |_____|____/ 
                                                                  

TEST STARTED: test001
-------------------------------------------------------------------
618 [main] INFO net.serenitybdd.core.Serenity - TEST NUMBER: 1
]]></system-err>
  </testcase>
  <testcase name="test002" classname="com.restapiexample.dummy.dummyrestapiInfo.DummyRestAPICURDTest" time="1.113"/>
  <testcase name="test003" classname="com.restapiexample.dummy.dummyrestapiInfo.DummyRestAPICURDTest" time="0.863">
    <failure message="1 expectation failed.&#10;Expected status code &lt;200&gt; but was &lt;429&gt;.&#10;" type="java.lang.AssertionError"><![CDATA[java.lang.AssertionError: 1 expectation failed.
Expected status code <200> but was <429>.

	at sun.reflect.NativeConstructorAccessorImpl.newInstance0(Native Method)
	at sun.reflect.NativeConstructorAccessorImpl.newInstance(NativeConstructorAccessorImpl.java:62)
	at sun.reflect.DelegatingConstructorAccessorImpl.newInstance(DelegatingConstructorAccessorImpl.java:45)
	at java.lang.reflect.Constructor.newInstance(Constructor.java:423)
	at org.codehaus.groovy.reflection.CachedConstructor.invoke(CachedConstructor.java:83)
	at org.codehaus.groovy.reflection.CachedConstructor.doConstructorInvoke(CachedConstructor.java:77)
	at org.codehaus.groovy.runtime.callsite.ConstructorSite$ConstructorSiteNoUnwrap.callConstructor(ConstructorSite.java:84)
	at org.codehaus.groovy.runtime.callsite.AbstractCallSite.callConstructor(AbstractCallSite.java:247)
	at io.restassured.internal.ResponseSpecificationImpl$HamcrestAssertionClosure.validate(ResponseSpecificationImpl.groovy:471)
	at io.restassured.internal.ResponseSpecificationImpl$HamcrestAssertionClosure$validate$1.call(Unknown Source)
	at io.restassured.internal.ResponseSpecificationImpl.validateResponseIfRequired(ResponseSpecificationImpl.groovy:636)
	at sun.reflect.NativeMethodAccessorImpl.invoke0(Native Method)
	at sun.reflect.NativeMethodAccessorImpl.invoke(NativeMethodAccessorImpl.java:62)
	at sun.reflect.DelegatingMethodAccessorImpl.invoke(DelegatingMethodAccessorImpl.java:43)
	at java.lang.reflect.Method.invoke(Method.java:498)
	at org.codehaus.groovy.runtime.callsite.PogoMetaMethodSite$PogoCachedMethodSiteNoUnwrapNoCoerce.invoke(PogoMetaMethodSite.java:210)
	at org.codehaus.groovy.runtime.callsite.PogoMetaMethodSite.callCurrent(PogoMetaMethodSite.java:59)
	at org.codehaus.groovy.runtime.callsite.AbstractCallSite.callCurrent(AbstractCallSite.java:166)
	at io.restassured.internal.ResponseSpecificationImpl.statusCode(ResponseSpecificationImpl.groovy:122)
	at io.restassured.specification.ResponseSpecification$statusCode$0.callCurrent(Unknown Source)
	at io.restassured.internal.ResponseSpecificationImpl.statusCode(ResponseSpecificationImpl.groovy:130)
	at io.restassured.internal.ValidatableResponseOptionsImpl.statusCode(ValidatableResponseOptionsImpl.java:117)
	at com.restapiexample.dummy.dummyrestapiInfo.DummyRestAPICURDTest.test003(DummyRestAPICURDTest.java:67)
]]></failure>
    <system-out><![CDATA[Request method:	PUT
Request URI:	https://dummy.restapiexample.com/api/v1/update/24
Proxy:			<none>
Request params:	<none>
Query params:	<none>
Form params:	<none>
Path params:	employeeID=24
Multiparts:		<none>
Headers:		Accept=*/*
				Content-Type=application/json; charset=UTF-8
Cookies:		<none>
Body:
{
    "status": null,
    "data": {
        "name": "Kimi_updated"
    }
}
HTTP/1.1 429 Too Many Requests
Content-Encoding: gzip
Content-Type: text/html; charset=UTF-8
Date: Tue, 21 Jun 2022 21:12:28 GMT
Display: staticcontent_sol
Expires: Mon, 20 Jun 2022 21:12:28 GMT
Host-Header: c2hhcmVkLmJsdWVob3N0LmNvbQ==
Pagespeed: off
Response: 429
Retry-After: 57
Server: nginx
Vary: Accept-Encoding
Vary: Accept-Encoding,Origin
X-Endurance-Cache-Level: 2
X-Ezoic-Cdn: Miss
X-Middleton-Display: staticcontent_sol
X-Middleton-Response: 429
X-Nginx-Cache: WordPress
X-Origin-Cache-Control: no-cache, private
X-Ratelimit-Limit: 60
X-Ratelimit-Remaining: 57
X-Ratelimit-Reset: 1655846005
X-Sol: pub_site
Content-Length: 588

<html lang="en">
  <head>
    <meta charset="utf-8"/>
    <meta name="viewport" content="width=device-width, initial-scale=1"/>
    <title>Too Many Requests</title>
    <link rel="dns-prefetch" href="//fonts.gstatic.com"/>
    <link href="https://fonts.googleapis.com/css?family=Nunito" rel="stylesheet"/>
    <style>
            html, body {
                background-color: #fff;
                color: #636b6f;
                font-family: 'Nunito', sans-serif;
                font-weight: 100;
                height: 100vh;
                margin: 0;
            }

            .full-height {
                height: 100vh;
            }

            .flex-center {
                align-items: center;
                display: flex;
                justify-content: center;
            }

            .position-ref {
                position: relative;
            }

            .code {
                border-right: 2px solid;
                font-size: 26px;
                padding: 0 15px 0 15px;
                text-align: center;
            }

            .message {
                font-size: 18px;
                text-align: center;
            }
        </style>
  </head>
  <body>
    <div class="flex-center position-ref full-height">
      <div class="code">
                429            </div>
      <div class="message" style="padding: 10px;">
                Too Many Requests            </div>
    </div>
  </body>
</html>
]]></system-out>
    <system-err><![CDATA[7119 [main] INFO net.serenitybdd.core.Serenity - 
        __    _____ _____ ____ _____   ____   _    ____  ____  _____ ____  
  _     \ \  |_   _| ____/ ___|_   _| |  _ \ / \  / ___|/ ___|| ____|  _ \ 
 (_)_____| |   | | |  _| \___ \ | |   | |_) / _ \ \___ \\___ \|  _| | | | |
  _|_____| |   | | | |___ ___) || |   |  __/ ___ \ ___) |___) | |___| |_| |
 (_)     | |   |_| |_____|____/ |_|   |_| /_/   \_\____/|____/|_____|____/ 
        /_/                                                                

TEST PASSED: This will Read an employee by ID
----------------------------------------------------------------------------
7119 [main] INFO net.serenitybdd.core.Serenity - 
 _____ _____ ____ _____   ____ _____  _    ____ _____ _____ ____  
|_   _| ____/ ___|_   _| / ___|_   _|/ \  |  _ \_   _| ____|  _ \ 
  | | |  _| \___ \ | |   \___ \ | | / _ \ | |_) || | |  _| | | | |
  | | | |___ ___) || |    ___) || |/ ___ \|  _ < | | | |___| |_| |
  |_| |_____|____/ |_|   |____/ |_/_/   \_\_| \_\|_| |_____|____/ 
                                                                  

TEST STARTED: test003
-------------------------------------------------------------------
7119 [main] INFO net.serenitybdd.core.Serenity - TEST NUMBER: 3
]]></system-err>
  </testcase>
  <testcase name="test004" classname="com.restapiexample.dummy.dummyrestapiInfo.DummyRestAPICURDTest" time="0.891">
    <failure message="1 expectation failed.&#10;Expected status code &lt;200&gt; but was &lt;429&gt;.&#10;" type="java.lang.AssertionError"><![CDATA[java.lang.AssertionError: 1 expectation failed.
Expected status code <200> but was <429>.

	at sun.reflect.NativeConstructorAccessorImpl.newInstance0(Native Method)
	at sun.reflect.NativeConstructorAccessorImpl.newInstance(NativeConstructorAccessorImpl.java:62)
	at sun.reflect.DelegatingConstructorAccessorImpl.newInstance(DelegatingConstructorAccessorImpl.java:45)
	at java.lang.reflect.Constructor.newInstance(Constructor.java:423)
	at org.codehaus.groovy.reflection.CachedConstructor.invoke(CachedConstructor.java:83)
	at org.codehaus.groovy.reflection.CachedConstructor.doConstructorInvoke(CachedConstructor.java:77)
	at org.codehaus.groovy.runtime.callsite.ConstructorSite$ConstructorSiteNoUnwrap.callConstructor(ConstructorSite.java:84)
	at org.codehaus.groovy.runtime.callsite.AbstractCallSite.callConstructor(AbstractCallSite.java:247)
	at io.restassured.internal.ResponseSpecificationImpl$HamcrestAssertionClosure.validate(ResponseSpecificationImpl.groovy:471)
	at io.restassured.internal.ResponseSpecificationImpl$HamcrestAssertionClosure$validate$1.call(Unknown Source)
	at io.restassured.internal.ResponseSpecificationImpl.validateResponseIfRequired(ResponseSpecificationImpl.groovy:636)
	at sun.reflect.NativeMethodAccessorImpl.invoke0(Native Method)
	at sun.reflect.NativeMethodAccessorImpl.invoke(NativeMethodAccessorImpl.java:62)
	at sun.reflect.DelegatingMethodAccessorImpl.invoke(DelegatingMethodAccessorImpl.java:43)
	at java.lang.reflect.Method.invoke(Method.java:498)
	at org.codehaus.groovy.runtime.callsite.PogoMetaMethodSite$PogoCachedMethodSiteNoUnwrapNoCoerce.invoke(PogoMetaMethodSite.java:210)
	at org.codehaus.groovy.runtime.callsite.PogoMetaMethodSite.callCurrent(PogoMetaMethodSite.java:59)
	at org.codehaus.groovy.runtime.callsite.AbstractCallSite.callCurrent(AbstractCallSite.java:166)
	at io.restassured.internal.ResponseSpecificationImpl.statusCode(ResponseSpecificationImpl.groovy:122)
	at io.restassured.specification.ResponseSpecification$statusCode$0.callCurrent(Unknown Source)
	at io.restassured.internal.ResponseSpecificationImpl.statusCode(ResponseSpecificationImpl.groovy:130)
	at io.restassured.internal.ValidatableResponseOptionsImpl.statusCode(ValidatableResponseOptionsImpl.java:117)
	at com.restapiexample.dummy.dummyrestapiInfo.DummyRestAPICURDTest.test004(DummyRestAPICURDTest.java:78)
]]></failure>
    <system-out><![CDATA[Request method:	DELETE
Request URI:	https://dummy.restapiexample.com/api/v1/delete/24
Proxy:			<none>
Request params:	<none>
Query params:	<none>
Form params:	<none>
Path params:	employeeID=24
Multiparts:		<none>
Headers:		Accept=*/*
				Content-Type=application/json; charset=UTF-8
Cookies:		<none>
Body:			<none>
HTTP/1.1 429 Too Many Requests
Content-Encoding: gzip
Content-Type: text/html; charset=UTF-8
Date: Tue, 21 Jun 2022 21:12:29 GMT
Display: staticcontent_sol
Expires: Mon, 20 Jun 2022 21:12:29 GMT
Host-Header: c2hhcmVkLmJsdWVob3N0LmNvbQ==
Pagespeed: off
Response: 429
Retry-After: 58
Server: nginx
Vary: Accept-Encoding
Vary: Accept-Encoding,Origin
X-Endurance-Cache-Level: 2
X-Ezoic-Cdn: Miss
X-Middleton-Display: staticcontent_sol
X-Middleton-Response: 429
X-Nginx-Cache: WordPress
X-Origin-Cache-Control: no-cache, private
X-Ratelimit-Limit: 60
X-Ratelimit-Remaining: 57
X-Ratelimit-Reset: 1655846007
X-Sol: pub_site
Content-Length: 588

<html lang="en">
  <head>
    <meta charset="utf-8"/>
    <meta name="viewport" content="width=device-width, initial-scale=1"/>
    <title>Too Many Requests</title>
    <link rel="dns-prefetch" href="//fonts.gstatic.com"/>
    <link href="https://fonts.googleapis.com/css?family=Nunito" rel="stylesheet"/>
    <style>
            html, body {
                background-color: #fff;
                color: #636b6f;
                font-family: 'Nunito', sans-serif;
                font-weight: 100;
                height: 100vh;
                margin: 0;
            }

            .full-height {
                height: 100vh;
            }

            .flex-center {
                align-items: center;
                display: flex;
                justify-content: center;
            }

            .position-ref {
                position: relative;
            }

            .code {
                border-right: 2px solid;
                font-size: 26px;
                padding: 0 15px 0 15px;
                text-align: center;
            }

            .message {
                font-size: 18px;
                text-align: center;
            }
        </style>
  </head>
  <body>
    <div class="flex-center position-ref full-height">
      <div class="code">
                429            </div>
      <div class="message" style="padding: 10px;">
                Too Many Requests            </div>
    </div>
  </body>
</html>
]]></system-out>
    <system-err><![CDATA[7982 [main] ERROR net.serenitybdd.core.Serenity - 
           __  _____ _____ ____ _____   _____ _    ___ _     _____ ____  
  _       / / |_   _| ____/ ___|_   _| |  ___/ \  |_ _| |   | ____|  _ \ 
 (_)_____| |    | | |  _| \___ \ | |   | |_ / _ \  | || |   |  _| | | | |
  _|_____| |    | | | |___ ___) || |   |  _/ ___ \ | || |___| |___| |_| |
 (_)     | |    |_| |_____|____/ |_|   |_|/_/   \_\___|_____|_____|____/ 
          \_\                                                            

TEST FAILED: This will Update an employee by ID
--------------------------------------------------------------------------
7987 [main] ERROR net.serenitybdd.core.Serenity - 1 expectation failed.Expected status code <200> but was <429>.
7989 [main] INFO net.serenitybdd.core.Serenity - 
 _____ _____ ____ _____   ____ _____  _    ____ _____ _____ ____  
|_   _| ____/ ___|_   _| / ___|_   _|/ \  |  _ \_   _| ____|  _ \ 
  | | |  _| \___ \ | |   \___ \ | | / _ \ | |_) || | |  _| | | | |
  | | | |___ ___) || |    ___) || |/ ___ \|  _ < | | | |___| |_| |
  |_| |_____|____/ |_|   |____/ |_/_/   \_\_| \_\|_| |_____|____/ 
                                                                  

TEST STARTED: test004
-------------------------------------------------------------------
7989 [main] INFO net.serenitybdd.core.Serenity - TEST NUMBER: 4
]]></system-err>
  </testcase>
  <testcase name="test005" classname="com.restapiexample.dummy.dummyrestapiInfo.DummyRestAPICURDTest" time="0.853">
    <error message="io.restassured.path.xml.XmlPath cannot be cast to java.util.List" type="java.lang.ClassCastException">java.lang.ClassCastException: io.restassured.path.xml.XmlPath cannot be cast to java.util.List
	at com.restapiexample.dummy.dummyrestapiInfo.DummyRestAPICURDTest.test005(DummyRestAPICURDTest.java:88)
</error>
    <system-out><![CDATA[Request method:	GET
Request URI:	https://dummy.restapiexample.com/api/v1/employees
Proxy:			<none>
Request params:	<none>
Query params:	<none>
Form params:	<none>
Path params:	<none>
Multiparts:		<none>
Headers:		Accept=*/*
				Content-Type=application/json; charset=UTF-8
Cookies:		<none>
Body:			<none>
HTTP/1.1 429 Too Many Requests
Content-Encoding: gzip
Content-Type: text/html; charset=UTF-8
Date: Tue, 21 Jun 2022 21:12:30 GMT
Display: staticcontent_sol
Expires: Mon, 20 Jun 2022 21:12:30 GMT
Host-Header: c2hhcmVkLmJsdWVob3N0LmNvbQ==
Pagespeed: off
Response: 429
Retry-After: 9
Server: nginx
Vary: Accept-Encoding
Vary: Accept-Encoding,User-Agent,Origin
X-Endurance-Cache-Level: 2
X-Ezoic-Cdn: Miss
X-Middleton-Display: staticcontent_sol
X-Middleton-Response: 429
X-Nginx-Cache: WordPress
X-Origin-Cache-Control: no-cache, private
X-Ratelimit-Limit: 60
X-Ratelimit-Remaining: 56
X-Ratelimit-Reset: 1655845959
X-Sol: pub_site
Content-Length: 588

<html lang="en">
  <head>
    <meta charset="utf-8"/>
    <meta name="viewport" content="width=device-width, initial-scale=1"/>
    <title>Too Many Requests</title>
    <link rel="dns-prefetch" href="//fonts.gstatic.com"/>
    <link href="https://fonts.googleapis.com/css?family=Nunito" rel="stylesheet"/>
    <style>
            html, body {
                background-color: #fff;
                color: #636b6f;
                font-family: 'Nunito', sans-serif;
                font-weight: 100;
                height: 100vh;
                margin: 0;
            }

            .full-height {
                height: 100vh;
            }

            .flex-center {
                align-items: center;
                display: flex;
                justify-content: center;
            }

            .position-ref {
                position: relative;
            }

            .code {
                border-right: 2px solid;
                font-size: 26px;
                padding: 0 15px 0 15px;
                text-align: center;
            }

            .message {
                font-size: 18px;
                text-align: center;
            }
        </style>
  </head>
  <body>
    <div class="flex-center position-ref full-height">
      <div class="code">
                429            </div>
      <div class="message" style="padding: 10px;">
                Too Many Requests            </div>
    </div>
  </body>
</html>
]]></system-out>
    <system-err><![CDATA[8880 [main] ERROR net.serenitybdd.core.Serenity - 
           __  _____ _____ ____ _____   _____ _    ___ _     _____ ____  
  _       / / |_   _| ____/ ___|_   _| |  ___/ \  |_ _| |   | ____|  _ \ 
 (_)_____| |    | | |  _| \___ \ | |   | |_ / _ \  | || |   |  _| | | | |
  _|_____| |    | | | |___ ___) || |   |  _/ ___ \ | || |___| |___| |_| |
 (_)     | |    |_| |_____|____/ |_|   |_|/_/   \_\___|_____|_____|____/ 
          \_\                                                            

TEST FAILED: This will Delete an employee by ID
--------------------------------------------------------------------------
8880 [main] ERROR net.serenitybdd.core.Serenity - 1 expectation failed.Expected status code <200> but was <429>.
8880 [main] INFO net.serenitybdd.core.Serenity - 
 _____ _____ ____ _____   ____ _____  _    ____ _____ _____ ____  
|_   _| ____/ ___|_   _| / ___|_   _|/ \  |  _ \_   _| ____|  _ \ 
  | | |  _| \___ \ | |   \___ \ | | / _ \ | |_) || | |  _| | | | |
  | | | |___ ___) || |    ___) || |/ ___ \|  _ < | | | |___| |_| |
  |_| |_____|____/ |_|   |____/ |_/_/   \_\_| \_\|_| |_____|____/ 
                                                                  

TEST STARTED: test005
-------------------------------------------------------------------
8880 [main] INFO net.serenitybdd.core.Serenity - TEST NUMBER: 5
]]></system-err>
  </testcase>
  <testcase name="test006" classname="com.restapiexample.dummy.dummyrestapiInfo.DummyRestAPICURDTest" time="0.985">
    <error message="io.restassured.path.xml.XmlPath cannot be cast to java.lang.Integer" type="java.lang.ClassCastException">java.lang.ClassCastException: io.restassured.path.xml.XmlPath cannot be cast to java.lang.Integer
	at com.restapiexample.dummy.dummyrestapiInfo.DummyRestAPICURDTest.test006(DummyRestAPICURDTest.java:96)
</error>
    <system-out><![CDATA[Request method:	GET
Request URI:	https://dummy.restapiexample.com/api/v1/employees
Proxy:			<none>
Request params:	<none>
Query params:	<none>
Form params:	<none>
Path params:	<none>
Multiparts:		<none>
Headers:		Accept=*/*
				Content-Type=application/json; charset=UTF-8
Cookies:		<none>
Body:			<none>
HTTP/1.1 429 Too Many Requests
Content-Encoding: gzip
Content-Type: text/html; charset=UTF-8
Date: Tue, 21 Jun 2022 21:12:31 GMT
Display: staticcontent_sol
Expires: Mon, 20 Jun 2022 21:12:31 GMT
Host-Header: c2hhcmVkLmJsdWVob3N0LmNvbQ==
Pagespeed: off
Response: 429
Retry-After: 8
Server: nginx
Vary: Accept-Encoding
Vary: Accept-Encoding,User-Agent,Origin
X-Endurance-Cache-Level: 2
X-Ezoic-Cdn: Miss
X-Middleton-Display: staticcontent_sol
X-Middleton-Response: 429
X-Nginx-Cache: WordPress
X-Origin-Cache-Control: no-cache, private
X-Ratelimit-Limit: 60
X-Ratelimit-Remaining: 55
X-Ratelimit-Reset: 1655845959
X-Sol: pub_site
Content-Length: 588

<html lang="en">
  <head>
    <meta charset="utf-8"/>
    <meta name="viewport" content="width=device-width, initial-scale=1"/>
    <title>Too Many Requests</title>
    <link rel="dns-prefetch" href="//fonts.gstatic.com"/>
    <link href="https://fonts.googleapis.com/css?family=Nunito" rel="stylesheet"/>
    <style>
            html, body {
                background-color: #fff;
                color: #636b6f;
                font-family: 'Nunito', sans-serif;
                font-weight: 100;
                height: 100vh;
                margin: 0;
            }

            .full-height {
                height: 100vh;
            }

            .flex-center {
                align-items: center;
                display: flex;
                justify-content: center;
            }

            .position-ref {
                position: relative;
            }

            .code {
                border-right: 2px solid;
                font-size: 26px;
                padding: 0 15px 0 15px;
                text-align: center;
            }

            .message {
                font-size: 18px;
                text-align: center;
            }
        </style>
  </head>
  <body>
    <div class="flex-center position-ref full-height">
      <div class="code">
                429            </div>
      <div class="message" style="padding: 10px;">
                Too Many Requests            </div>
    </div>
  </body>
</html>
]]></system-out>
    <system-err><![CDATA[9733 [main] ERROR net.serenitybdd.core.Serenity - 
           __  _____ _____ ____ _____   _____ _    ___ _     _____ ____  
  _       / / |_   _| ____/ ___|_   _| |  ___/ \  |_ _| |   | ____|  _ \ 
 (_)_____| |    | | |  _| \___ \ | |   | |_ / _ \  | || |   |  _| | | | |
  _|_____| |    | | | |___ ___) || |   |  _/ ___ \ | || |___| |___| |_| |
 (_)     | |    |_| |_____|____/ |_|   |_|/_/   \_\___|_____|_____|____/ 
          \_\                                                            

TEST FAILED WITH ERROR: 1. Verify if total records are 24
---------------------------------------------------------------------
9733 [main] ERROR net.serenitybdd.core.Serenity - io.restassured.path.xml.XmlPath cannot be cast to java.util.List
9733 [main] INFO net.serenitybdd.core.Serenity - 
 _____ _____ ____ _____   ____ _____  _    ____ _____ _____ ____  
|_   _| ____/ ___|_   _| / ___|_   _|/ \  |  _ \_   _| ____|  _ \ 
  | | |  _| \___ \ | |   \___ \ | | / _ \ | |_) || | |  _| | | | |
  | | | |___ ___) || |    ___) || |/ ___ \|  _ < | | | |___| |_| |
  |_| |_____|____/ |_|   |____/ |_/_/   \_\_| \_\|_| |_____|____/ 
                                                                  

TEST STARTED: test006
-------------------------------------------------------------------
9733 [main] INFO net.serenitybdd.core.Serenity - TEST NUMBER: 6
]]></system-err>
  </testcase>
  <testcase name="test007" classname="com.restapiexample.dummy.dummyrestapiInfo.DummyRestAPICURDTest" time="1.03">
    <error message="io.restassured.path.xml.XmlPath cannot be cast to java.lang.String" type="java.lang.ClassCastException">java.lang.ClassCastException: io.restassured.path.xml.XmlPath cannot be cast to java.lang.String
	at com.restapiexample.dummy.dummyrestapiInfo.DummyRestAPICURDTest.test007(DummyRestAPICURDTest.java:104)
</error>
    <system-out><![CDATA[Request method:	GET
Request URI:	https://dummy.restapiexample.com/api/v1/employees
Proxy:			<none>
Request params:	<none>
Query params:	<none>
Form params:	<none>
Path params:	<none>
Multiparts:		<none>
Headers:		Accept=*/*
				Content-Type=application/json; charset=UTF-8
Cookies:		<none>
Body:			<none>
HTTP/1.1 429 Too Many Requests
Content-Encoding: gzip
Content-Type: text/html; charset=UTF-8
Date: Tue, 21 Jun 2022 21:12:32 GMT
Display: staticcontent_sol
Expires: Mon, 20 Jun 2022 21:12:32 GMT
Host-Header: c2hhcmVkLmJsdWVob3N0LmNvbQ==
Pagespeed: off
Response: 429
Retry-After: 54
Server: nginx
Vary: Accept-Encoding
Vary: Accept-Encoding,User-Agent,Origin
X-Endurance-Cache-Level: 2
X-Ezoic-Cdn: Miss
X-Middleton-Display: staticcontent_sol
X-Middleton-Response: 429
X-Nginx-Cache: WordPress
X-Origin-Cache-Control: no-cache, private
X-Ratelimit-Limit: 60
X-Ratelimit-Remaining: 56
X-Ratelimit-Reset: 1655846006
X-Sol: pub_site
Content-Length: 588

<html lang="en">
  <head>
    <meta charset="utf-8"/>
    <meta name="viewport" content="width=device-width, initial-scale=1"/>
    <title>Too Many Requests</title>
    <link rel="dns-prefetch" href="//fonts.gstatic.com"/>
    <link href="https://fonts.googleapis.com/css?family=Nunito" rel="stylesheet"/>
    <style>
            html, body {
                background-color: #fff;
                color: #636b6f;
                font-family: 'Nunito', sans-serif;
                font-weight: 100;
                height: 100vh;
                margin: 0;
            }

            .full-height {
                height: 100vh;
            }

            .flex-center {
                align-items: center;
                display: flex;
                justify-content: center;
            }

            .position-ref {
                position: relative;
            }

            .code {
                border-right: 2px solid;
                font-size: 26px;
                padding: 0 15px 0 15px;
                text-align: center;
            }

            .message {
                font-size: 18px;
                text-align: center;
            }
        </style>
  </head>
  <body>
    <div class="flex-center position-ref full-height">
      <div class="code">
                429            </div>
      <div class="message" style="padding: 10px;">
                Too Many Requests            </div>
    </div>
  </body>
</html>
]]></system-out>
    <system-err><![CDATA[10718 [main] ERROR net.serenitybdd.core.Serenity - 
           __  _____ _____ ____ _____   _____ _    ___ _     _____ ____  
  _       / / |_   _| ____/ ___|_   _| |  ___/ \  |_ _| |   | ____|  _ \ 
 (_)_____| |    | | |  _| \___ \ | |   | |_ / _ \  | || |   |  _| | | | |
  _|_____| |    | | | |___ ___) || |   |  _/ ___ \ | || |___| |___| |_| |
 (_)     | |    |_| |_____|____/ |_|   |_|/_/   \_\___|_____|_____|____/ 
          \_\                                                            

TEST FAILED WITH ERROR: 2. Verify if 24th Data id is 24
---------------------------------------------------------------------
10718 [main] ERROR net.serenitybdd.core.Serenity - io.restassured.path.xml.XmlPath cannot be cast to java.lang.Integer
10718 [main] INFO net.serenitybdd.core.Serenity - 
 _____ _____ ____ _____   ____ _____  _    ____ _____ _____ ____  
|_   _| ____/ ___|_   _| / ___|_   _|/ \  |  _ \_   _| ____|  _ \ 
  | | |  _| \___ \ | |   \___ \ | | / _ \ | |_) || | |  _| | | | |
  | | | |___ ___) || |    ___) || |/ ___ \|  _ < | | | |___| |_| |
  |_| |_____|____/ |_|   |____/ |_/_/   \_\_| \_\|_| |_____|____/ 
                                                                  

TEST STARTED: test007
-------------------------------------------------------------------
10718 [main] INFO net.serenitybdd.core.Serenity - TEST NUMBER: 7
]]></system-err>
  </testcase>
  <testcase name="test008" classname="com.restapiexample.dummy.dummyrestapiInfo.DummyRestAPICURDTest" time="0.946">
    <error message="io.restassured.path.xml.XmlPath cannot be cast to java.lang.String" type="java.lang.ClassCastException">java.lang.ClassCastException: io.restassured.path.xml.XmlPath cannot be cast to java.lang.String
	at com.restapiexample.dummy.dummyrestapiInfo.DummyRestAPICURDTest.test008(DummyRestAPICURDTest.java:112)
</error>
    <system-out><![CDATA[Request method:	GET
Request URI:	https://dummy.restapiexample.com/api/v1/employees
Proxy:			<none>
Request params:	<none>
Query params:	<none>
Form params:	<none>
Path params:	<none>
Multiparts:		<none>
Headers:		Accept=*/*
				Content-Type=application/json; charset=UTF-8
Cookies:		<none>
Body:			<none>
HTTP/1.1 429 Too Many Requests
Content-Encoding: gzip
Content-Type: text/html; charset=UTF-8
Date: Tue, 21 Jun 2022 21:12:33 GMT
Display: staticcontent_sol
Expires: Mon, 20 Jun 2022 21:12:33 GMT
Host-Header: c2hhcmVkLmJsdWVob3N0LmNvbQ==
Pagespeed: off
Response: 429
Retry-After: 6
Server: nginx
Vary: Accept-Encoding
Vary: Accept-Encoding,User-Agent,Origin
X-Endurance-Cache-Level: 2
X-Ezoic-Cdn: Miss
X-Middleton-Display: staticcontent_sol
X-Middleton-Response: 429
X-Nginx-Cache: WordPress
X-Origin-Cache-Control: no-cache, private
X-Ratelimit-Limit: 60
X-Ratelimit-Remaining: 54
X-Ratelimit-Reset: 1655845959
X-Sol: pub_site
Content-Length: 588

<html lang="en">
  <head>
    <meta charset="utf-8"/>
    <meta name="viewport" content="width=device-width, initial-scale=1"/>
    <title>Too Many Requests</title>
    <link rel="dns-prefetch" href="//fonts.gstatic.com"/>
    <link href="https://fonts.googleapis.com/css?family=Nunito" rel="stylesheet"/>
    <style>
            html, body {
                background-color: #fff;
                color: #636b6f;
                font-family: 'Nunito', sans-serif;
                font-weight: 100;
                height: 100vh;
                margin: 0;
            }

            .full-height {
                height: 100vh;
            }

            .flex-center {
                align-items: center;
                display: flex;
                justify-content: center;
            }

            .position-ref {
                position: relative;
            }

            .code {
                border-right: 2px solid;
                font-size: 26px;
                padding: 0 15px 0 15px;
                text-align: center;
            }

            .message {
                font-size: 18px;
                text-align: center;
            }
        </style>
  </head>
  <body>
    <div class="flex-center position-ref full-height">
      <div class="code">
                429            </div>
      <div class="message" style="padding: 10px;">
                Too Many Requests            </div>
    </div>
  </body>
</html>
]]></system-out>
    <system-err><![CDATA[11748 [main] ERROR net.serenitybdd.core.Serenity - 
           __  _____ _____ ____ _____   _____ _    ___ _     _____ ____  
  _       / / |_   _| ____/ ___|_   _| |  ___/ \  |_ _| |   | ____|  _ \ 
 (_)_____| |    | | |  _| \___ \ | |   | |_ / _ \  | || |   |  _| | | | |
  _|_____| |    | | | |___ ___) || |   |  _/ ___ \ | || |___| |___| |_| |
 (_)     | |    |_| |_____|____/ |_|   |_|/_/   \_\___|_____|_____|____/ 
          \_\                                                            

TEST FAILED WITH ERROR: 3. Verify if 9th employee name is Colleen Hurst
---------------------------------------------------------------------
11748 [main] ERROR net.serenitybdd.core.Serenity - io.restassured.path.xml.XmlPath cannot be cast to java.lang.String
11752 [main] INFO net.serenitybdd.core.Serenity - 
 _____ _____ ____ _____   ____ _____  _    ____ _____ _____ ____  
|_   _| ____/ ___|_   _| / ___|_   _|/ \  |  _ \_   _| ____|  _ \ 
  | | |  _| \___ \ | |   \___ \ | | / _ \ | |_) || | |  _| | | | |
  | | | |___ ___) || |    ___) || |/ ___ \|  _ < | | | |___| |_| |
  |_| |_____|____/ |_|   |____/ |_/_/   \_\_| \_\|_| |_____|____/ 
                                                                  

TEST STARTED: test008
-------------------------------------------------------------------
11752 [main] INFO net.serenitybdd.core.Serenity - TEST NUMBER: 8
]]></system-err>
  </testcase>
  <testcase name="test009" classname="com.restapiexample.dummy.dummyrestapiInfo.DummyRestAPICURDTest" time="1">
    <error message="io.restassured.path.xml.XmlPath cannot be cast to java.lang.String" type="java.lang.ClassCastException">java.lang.ClassCastException: io.restassured.path.xml.XmlPath cannot be cast to java.lang.String
	at com.restapiexample.dummy.dummyrestapiInfo.DummyRestAPICURDTest.test009(DummyRestAPICURDTest.java:120)
</error>
    <system-out><![CDATA[Request method:	GET
Request URI:	https://dummy.restapiexample.com/api/v1/employees
Proxy:			<none>
Request params:	<none>
Query params:	<none>
Form params:	<none>
Path params:	<none>
Multiparts:		<none>
Headers:		Accept=*/*
				Content-Type=application/json; charset=UTF-8
Cookies:		<none>
Body:			<none>
HTTP/1.1 429 Too Many Requests
Content-Encoding: gzip
Content-Type: text/html; charset=UTF-8
Date: Tue, 21 Jun 2022 21:12:34 GMT
Display: staticcontent_sol
Expires: Mon, 20 Jun 2022 21:12:34 GMT
Host-Header: c2hhcmVkLmJsdWVob3N0LmNvbQ==
Pagespeed: off
Response: 429
Retry-After: 52
Server: nginx
Vary: Accept-Encoding
Vary: Accept-Encoding,User-Agent,Origin
X-Endurance-Cache-Level: 2
X-Ezoic-Cdn: Miss
X-Middleton-Display: staticcontent_sol
X-Middleton-Response: 429
X-Nginx-Cache: WordPress
X-Origin-Cache-Control: no-cache, private
X-Ratelimit-Limit: 60
X-Ratelimit-Remaining: 55
X-Ratelimit-Reset: 1655846006
X-Sol: pub_site
Content-Length: 588

<html lang="en">
  <head>
    <meta charset="utf-8"/>
    <meta name="viewport" content="width=device-width, initial-scale=1"/>
    <title>Too Many Requests</title>
    <link rel="dns-prefetch" href="//fonts.gstatic.com"/>
    <link href="https://fonts.googleapis.com/css?family=Nunito" rel="stylesheet"/>
    <style>
            html, body {
                background-color: #fff;
                color: #636b6f;
                font-family: 'Nunito', sans-serif;
                font-weight: 100;
                height: 100vh;
                margin: 0;
            }

            .full-height {
                height: 100vh;
            }

            .flex-center {
                align-items: center;
                display: flex;
                justify-content: center;
            }

            .position-ref {
                position: relative;
            }

            .code {
                border-right: 2px solid;
                font-size: 26px;
                padding: 0 15px 0 15px;
                text-align: center;
            }

            .message {
                font-size: 18px;
                text-align: center;
            }
        </style>
  </head>
  <body>
    <div class="flex-center position-ref full-height">
      <div class="code">
                429            </div>
      <div class="message" style="padding: 10px;">
                Too Many Requests            </div>
    </div>
  </body>
</html>
]]></system-out>
    <system-err><![CDATA[12698 [main] ERROR net.serenitybdd.core.Serenity - 
           __  _____ _____ ____ _____   _____ _    ___ _     _____ ____  
  _       / / |_   _| ____/ ___|_   _| |  ___/ \  |_ _| |   | ____|  _ \ 
 (_)_____| |    | | |  _| \___ \ | |   | |_ / _ \  | || |   |  _| | | | |
  _|_____| |    | | | |___ ___) || |   |  _/ ___ \ | || |___| |___| |_| |
 (_)     | |    |_| |_____|____/ |_|   |_|/_/   \_\___|_____|_____|____/ 
          \_\                                                            

TEST FAILED WITH ERROR: 4. Verify if message is Successfully! All records has been fetched
---------------------------------------------------------------------
12698 [main] ERROR net.serenitybdd.core.Serenity - io.restassured.path.xml.XmlPath cannot be cast to java.lang.String
12698 [main] INFO net.serenitybdd.core.Serenity - 
 _____ _____ ____ _____   ____ _____  _    ____ _____ _____ ____  
|_   _| ____/ ___|_   _| / ___|_   _|/ \  |  _ \_   _| ____|  _ \ 
  | | |  _| \___ \ | |   \___ \ | | / _ \ | |_) || | |  _| | | | |
  | | | |___ ___) || |    ___) || |/ ___ \|  _ < | | | |___| |_| |
  |_| |_____|____/ |_|   |____/ |_/_/   \_\_| \_\|_| |_____|____/ 
                                                                  

TEST STARTED: test009
-------------------------------------------------------------------
12708 [main] INFO net.serenitybdd.core.Serenity - TEST NUMBER: 9
]]></system-err>
  </testcase>
  <testcase name="test010" classname="com.restapiexample.dummy.dummyrestapiInfo.DummyRestAPICURDTest" time="0.857">
    <error message="io.restassured.path.xml.XmlPath cannot be cast to java.util.List" type="java.lang.ClassCastException">java.lang.ClassCastException: io.restassured.path.xml.XmlPath cannot be cast to java.util.List
	at com.restapiexample.dummy.dummyrestapiInfo.DummyRestAPICURDTest.test010(DummyRestAPICURDTest.java:128)
</error>
    <system-out><![CDATA[Request method:	GET
Request URI:	https://dummy.restapiexample.com/api/v1/employees
Proxy:			<none>
Request params:	<none>
Query params:	<none>
Form params:	<none>
Path params:	<none>
Multiparts:		<none>
Headers:		Accept=*/*
				Content-Type=application/json; charset=UTF-8
Cookies:		<none>
Body:			<none>
HTTP/1.1 429 Too Many Requests
Content-Encoding: gzip
Content-Type: text/html; charset=UTF-8
Date: Tue, 21 Jun 2022 21:12:35 GMT
Display: staticcontent_sol
Expires: Mon, 20 Jun 2022 21:12:34 GMT
Host-Header: c2hhcmVkLmJsdWVob3N0LmNvbQ==
Pagespeed: off
Response: 429
Retry-After: 5
Server: nginx
Vary: Accept-Encoding
Vary: Accept-Encoding,User-Agent,Origin
X-Endurance-Cache-Level: 2
X-Ezoic-Cdn: Miss
X-Middleton-Display: staticcontent_sol
X-Middleton-Response: 429
X-Nginx-Cache: WordPress
X-Origin-Cache-Control: no-cache, private
X-Ratelimit-Limit: 60
X-Ratelimit-Remaining: 53
X-Ratelimit-Reset: 1655845959
X-Sol: pub_site
Content-Length: 588

<html lang="en">
  <head>
    <meta charset="utf-8"/>
    <meta name="viewport" content="width=device-width, initial-scale=1"/>
    <title>Too Many Requests</title>
    <link rel="dns-prefetch" href="//fonts.gstatic.com"/>
    <link href="https://fonts.googleapis.com/css?family=Nunito" rel="stylesheet"/>
    <style>
            html, body {
                background-color: #fff;
                color: #636b6f;
                font-family: 'Nunito', sans-serif;
                font-weight: 100;
                height: 100vh;
                margin: 0;
            }

            .full-height {
                height: 100vh;
            }

            .flex-center {
                align-items: center;
                display: flex;
                justify-content: center;
            }

            .position-ref {
                position: relative;
            }

            .code {
                border-right: 2px solid;
                font-size: 26px;
                padding: 0 15px 0 15px;
                text-align: center;
            }

            .message {
                font-size: 18px;
                text-align: center;
            }
        </style>
  </head>
  <body>
    <div class="flex-center position-ref full-height">
      <div class="code">
                429            </div>
      <div class="message" style="padding: 10px;">
                Too Many Requests            </div>
    </div>
  </body>
</html>
]]></system-out>
    <system-err><![CDATA[13703 [main] ERROR net.serenitybdd.core.Serenity - 
           __  _____ _____ ____ _____   _____ _    ___ _     _____ ____  
  _       / / |_   _| ____/ ___|_   _| |  ___/ \  |_ _| |   | ____|  _ \ 
 (_)_____| |    | | |  _| \___ \ | |   | |_ / _ \  | || |   |  _| | | | |
  _|_____| |    | | | |___ ___) || |   |  _/ ___ \ | || |___| |___| |_| |
 (_)     | |    |_| |_____|____/ |_|   |_|/_/   \_\___|_____|_____|____/ 
          \_\                                                            

TEST FAILED WITH ERROR: 5. Verify if status is success
---------------------------------------------------------------------
13703 [main] ERROR net.serenitybdd.core.Serenity - io.restassured.path.xml.XmlPath cannot be cast to java.lang.String
13703 [main] INFO net.serenitybdd.core.Serenity - 
 _____ _____ ____ _____   ____ _____  _    ____ _____ _____ ____  
|_   _| ____/ ___|_   _| / ___|_   _|/ \  |  _ \_   _| ____|  _ \ 
  | | |  _| \___ \ | |   \___ \ | | / _ \ | |_) || | |  _| | | | |
  | | | |___ ___) || |    ___) || |/ ___ \|  _ < | | | |___| |_| |
  |_| |_____|____/ |_|   |____/ |_/_/   \_\_| \_\|_| |_____|____/ 
                                                                  

TEST STARTED: test010
-------------------------------------------------------------------
13703 [main] INFO net.serenitybdd.core.Serenity - TEST NUMBER: 10
]]></system-err>
  </testcase>
  <testcase name="test011" classname="com.restapiexample.dummy.dummyrestapiInfo.DummyRestAPICURDTest" time="0.994"/>
  <testcase name="test012" classname="com.restapiexample.dummy.dummyrestapiInfo.DummyRestAPICURDTest" time="0.91"/>
</testsuite>